<?xml version="1.0" encoding="UTF-8"?>
<testsuite xmlns:xsi="http://www.w3.org/2001/XMLSchema-instance" xsi:noNamespaceSchemaLocation="https://maven.apache.org/surefire/maven-surefire-plugin/xsd/surefire-test-report-3.0.xsd" version="3.0" name="io.proj3ct.bot.BotApplicationTests" time="3.035" tests="1" errors="0" skipped="0" failures="0">
  <properties>
    <property name="java.specification.version" value="19"/>
    <property name="sun.jnu.encoding" value="UTF-8"/>
    <property name="java.class.path" value="/home/iv4n/Документы/githubProjects/Pet/telegram-demo-bot/target/test-classes:/home/iv4n/Документы/githubProjects/Pet/telegram-demo-bot/target/classes:/home/iv4n/.m2/repository/org/springframework/boot/spring-boot-starter/3.2.4/spring-boot-starter-3.2.4.jar:/home/iv4n/.m2/repository/org/springframework/boot/spring-boot/3.2.4/spring-boot-3.2.4.jar:/home/iv4n/.m2/repository/org/springframework/spring-context/6.1.5/spring-context-6.1.5.jar:/home/iv4n/.m2/repository/org/springframework/spring-aop/6.1.5/spring-aop-6.1.5.jar:/home/iv4n/.m2/repository/org/springframework/spring-beans/6.1.5/spring-beans-6.1.5.jar:/home/iv4n/.m2/repository/org/springframework/spring-expression/6.1.5/spring-expression-6.1.5.jar:/home/iv4n/.m2/repository/io/micrometer/micrometer-observation/1.12.4/micrometer-observation-1.12.4.jar:/home/iv4n/.m2/repository/io/micrometer/micrometer-commons/1.12.4/micrometer-commons-1.12.4.jar:/home/iv4n/.m2/repository/org/springframework/boot/spring-boot-autoconfigure/3.2.4/spring-boot-autoconfigure-3.2.4.jar:/home/iv4n/.m2/repository/org/springframework/boot/spring-boot-starter-logging/3.2.4/spring-boot-starter-logging-3.2.4.jar:/home/iv4n/.m2/repository/ch/qos/logback/logback-classic/1.4.14/logback-classic-1.4.14.jar:/home/iv4n/.m2/repository/ch/qos/logback/logback-core/1.4.14/logback-core-1.4.14.jar:/home/iv4n/.m2/repository/org/apache/logging/log4j/log4j-to-slf4j/2.21.1/log4j-to-slf4j-2.21.1.jar:/home/iv4n/.m2/repository/org/apache/logging/log4j/log4j-api/2.21.1/log4j-api-2.21.1.jar:/home/iv4n/.m2/repository/org/slf4j/jul-to-slf4j/2.0.12/jul-to-slf4j-2.0.12.jar:/home/iv4n/.m2/repository/jakarta/annotation/jakarta.annotation-api/2.1.1/jakarta.annotation-api-2.1.1.jar:/home/iv4n/.m2/repository/org/springframework/spring-core/6.1.5/spring-core-6.1.5.jar:/home/iv4n/.m2/repository/org/springframework/spring-jcl/6.1.5/spring-jcl-6.1.5.jar:/home/iv4n/.m2/repository/org/yaml/snakeyaml/2.2/snakeyaml-2.2.jar:/home/iv4n/.m2/repository/org/telegram/telegrambots/5.6.0/telegrambots-5.6.0.jar:/home/iv4n/.m2/repository/org/telegram/telegrambots-meta/5.6.0/telegrambots-meta-5.6.0.jar:/home/iv4n/.m2/repository/com/google/guava/guava/30.0-jre/guava-30.0-jre.jar:/home/iv4n/.m2/repository/com/google/guava/failureaccess/1.0.1/failureaccess-1.0.1.jar:/home/iv4n/.m2/repository/com/google/guava/listenablefuture/9999.0-empty-to-avoid-conflict-with-guava/listenablefuture-9999.0-empty-to-avoid-conflict-with-guava.jar:/home/iv4n/.m2/repository/com/google/code/findbugs/jsr305/3.0.2/jsr305-3.0.2.jar:/home/iv4n/.m2/repository/org/checkerframework/checker-qual/3.5.0/checker-qual-3.5.0.jar:/home/iv4n/.m2/repository/com/google/errorprone/error_prone_annotations/2.3.4/error_prone_annotations-2.3.4.jar:/home/iv4n/.m2/repository/com/google/j2objc/j2objc-annotations/1.3/j2objc-annotations-1.3.jar:/home/iv4n/.m2/repository/com/fasterxml/jackson/core/jackson-annotations/2.15.4/jackson-annotations-2.15.4.jar:/home/iv4n/.m2/repository/com/fasterxml/jackson/jaxrs/jackson-jaxrs-json-provider/2.15.4/jackson-jaxrs-json-provider-2.15.4.jar:/home/iv4n/.m2/repository/com/fasterxml/jackson/jaxrs/jackson-jaxrs-base/2.15.4/jackson-jaxrs-base-2.15.4.jar:/home/iv4n/.m2/repository/com/fasterxml/jackson/module/jackson-module-jaxb-annotations/2.15.4/jackson-module-jaxb-annotations-2.15.4.jar:/home/iv4n/.m2/repository/com/fasterxml/jackson/core/jackson-core/2.15.4/jackson-core-2.15.4.jar:/home/iv4n/.m2/repository/jakarta/activation/jakarta.activation-api/2.1.3/jakarta.activation-api-2.1.3.jar:/home/iv4n/.m2/repository/com/fasterxml/jackson/core/jackson-databind/2.15.4/jackson-databind-2.15.4.jar:/home/iv4n/.m2/repository/org/glassfish/jersey/inject/jersey-hk2/3.1.5/jersey-hk2-3.1.5.jar:/home/iv4n/.m2/repository/org/glassfish/jersey/core/jersey-common/3.1.5/jersey-common-3.1.5.jar:/home/iv4n/.m2/repository/org/glassfish/hk2/osgi-resource-locator/1.0.3/osgi-resource-locator-1.0.3.jar:/home/iv4n/.m2/repository/org/glassfish/hk2/hk2-locator/3.0.5/hk2-locator-3.0.5.jar:/home/iv4n/.m2/repository/org/glassfish/hk2/external/aopalliance-repackaged/3.0.5/aopalliance-repackaged-3.0.5.jar:/home/iv4n/.m2/repository/org/glassfish/hk2/hk2-api/3.0.5/hk2-api-3.0.5.jar:/home/iv4n/.m2/repository/org/glassfish/hk2/hk2-utils/3.0.5/hk2-utils-3.0.5.jar:/home/iv4n/.m2/repository/org/javassist/javassist/3.29.2-GA/javassist-3.29.2-GA.jar:/home/iv4n/.m2/repository/org/glassfish/jersey/media/jersey-media-json-jackson/3.1.5/jersey-media-json-jackson-3.1.5.jar:/home/iv4n/.m2/repository/org/glassfish/jersey/ext/jersey-entity-filtering/3.1.5/jersey-entity-filtering-3.1.5.jar:/home/iv4n/.m2/repository/com/fasterxml/jackson/module/jackson-module-jakarta-xmlbind-annotations/2.15.4/jackson-module-jakarta-xmlbind-annotations-2.15.4.jar:/home/iv4n/.m2/repository/org/glassfish/jersey/containers/jersey-container-grizzly2-http/3.1.5/jersey-container-grizzly2-http-3.1.5.jar:/home/iv4n/.m2/repository/jakarta/inject/jakarta.inject-api/2.0.1/jakarta.inject-api-2.0.1.jar:/home/iv4n/.m2/repository/org/glassfish/grizzly/grizzly-http-server/4.0.1/grizzly-http-server-4.0.1.jar:/home/iv4n/.m2/repository/org/glassfish/grizzly/grizzly-http/4.0.1/grizzly-http-4.0.1.jar:/home/iv4n/.m2/repository/org/glassfish/grizzly/grizzly-framework/4.0.1/grizzly-framework-4.0.1.jar:/home/iv4n/.m2/repository/jakarta/ws/rs/jakarta.ws.rs-api/3.1.0/jakarta.ws.rs-api-3.1.0.jar:/home/iv4n/.m2/repository/org/glassfish/jersey/core/jersey-server/3.1.5/jersey-server-3.1.5.jar:/home/iv4n/.m2/repository/org/glassfish/jersey/core/jersey-client/3.1.5/jersey-client-3.1.5.jar:/home/iv4n/.m2/repository/jakarta/validation/jakarta.validation-api/3.0.2/jakarta.validation-api-3.0.2.jar:/home/iv4n/.m2/repository/org/json/json/20180813/json-20180813.jar:/home/iv4n/.m2/repository/org/apache/httpcomponents/httpclient/4.5.13/httpclient-4.5.13.jar:/home/iv4n/.m2/repository/org/apache/httpcomponents/httpcore/4.4.16/httpcore-4.4.16.jar:/home/iv4n/.m2/repository/commons-logging/commons-logging/1.2/commons-logging-1.2.jar:/home/iv4n/.m2/repository/commons-codec/commons-codec/1.16.1/commons-codec-1.16.1.jar:/home/iv4n/.m2/repository/org/apache/httpcomponents/httpmime/4.5.13/httpmime-4.5.13.jar:/home/iv4n/.m2/repository/commons-io/commons-io/2.8.0/commons-io-2.8.0.jar:/home/iv4n/.m2/repository/org/slf4j/slf4j-api/2.0.12/slf4j-api-2.0.12.jar:/home/iv4n/.m2/repository/org/springframework/boot/spring-boot-starter-test/3.2.4/spring-boot-starter-test-3.2.4.jar:/home/iv4n/.m2/repository/org/springframework/boot/spring-boot-test/3.2.4/spring-boot-test-3.2.4.jar:/home/iv4n/.m2/repository/org/springframework/boot/spring-boot-test-autoconfigure/3.2.4/spring-boot-test-autoconfigure-3.2.4.jar:/home/iv4n/.m2/repository/com/jayway/jsonpath/json-path/2.9.0/json-path-2.9.0.jar:/home/iv4n/.m2/repository/jakarta/xml/bind/jakarta.xml.bind-api/4.0.2/jakarta.xml.bind-api-4.0.2.jar:/home/iv4n/.m2/repository/net/minidev/json-smart/2.5.0/json-smart-2.5.0.jar:/home/iv4n/.m2/repository/net/minidev/accessors-smart/2.5.0/accessors-smart-2.5.0.jar:/home/iv4n/.m2/repository/org/ow2/asm/asm/9.3/asm-9.3.jar:/home/iv4n/.m2/repository/org/assertj/assertj-core/3.24.2/assertj-core-3.24.2.jar:/home/iv4n/.m2/repository/net/bytebuddy/byte-buddy/1.14.12/byte-buddy-1.14.12.jar:/home/iv4n/.m2/repository/org/awaitility/awaitility/4.2.0/awaitility-4.2.0.jar:/home/iv4n/.m2/repository/org/hamcrest/hamcrest/2.2/hamcrest-2.2.jar:/home/iv4n/.m2/repository/org/junit/jupiter/junit-jupiter/5.10.2/junit-jupiter-5.10.2.jar:/home/iv4n/.m2/repository/org/junit/jupiter/junit-jupiter-api/5.10.2/junit-jupiter-api-5.10.2.jar:/home/iv4n/.m2/repository/org/opentest4j/opentest4j/1.3.0/opentest4j-1.3.0.jar:/home/iv4n/.m2/repository/org/junit/platform/junit-platform-commons/1.10.2/junit-platform-commons-1.10.2.jar:/home/iv4n/.m2/repository/org/apiguardian/apiguardian-api/1.1.2/apiguardian-api-1.1.2.jar:/home/iv4n/.m2/repository/org/junit/jupiter/junit-jupiter-params/5.10.2/junit-jupiter-params-5.10.2.jar:/home/iv4n/.m2/repository/org/junit/jupiter/junit-jupiter-engine/5.10.2/junit-jupiter-engine-5.10.2.jar:/home/iv4n/.m2/repository/org/junit/platform/junit-platform-engine/1.10.2/junit-platform-engine-1.10.2.jar:/home/iv4n/.m2/repository/org/mockito/mockito-core/5.7.0/mockito-core-5.7.0.jar:/home/iv4n/.m2/repository/net/bytebuddy/byte-buddy-agent/1.14.12/byte-buddy-agent-1.14.12.jar:/home/iv4n/.m2/repository/org/objenesis/objenesis/3.3/objenesis-3.3.jar:/home/iv4n/.m2/repository/org/mockito/mockito-junit-jupiter/5.7.0/mockito-junit-jupiter-5.7.0.jar:/home/iv4n/.m2/repository/org/skyscreamer/jsonassert/1.5.1/jsonassert-1.5.1.jar:/home/iv4n/.m2/repository/com/vaadin/external/google/android-json/0.0.20131108.vaadin1/android-json-0.0.20131108.vaadin1.jar:/home/iv4n/.m2/repository/org/springframework/spring-test/6.1.5/spring-test-6.1.5.jar:/home/iv4n/.m2/repository/org/xmlunit/xmlunit-core/2.9.1/xmlunit-core-2.9.1.jar:/home/iv4n/.m2/repository/org/projectlombok/lombok/1.18.30/lombok-1.18.30.jar:"/>
    <property name="java.vm.vendor" value="Oracle Corporation"/>
    <property name="sun.arch.data.model" value="64"/>
    <property name="java.vendor.url" value="https://java.oracle.com/"/>
    <property name="user.timezone" value="Europe/Moscow"/>
    <property name="os.name" value="Linux"/>
    <property name="java.vm.specification.version" value="19"/>
    <property name="sun.java.launcher" value="SUN_STANDARD"/>
    <property name="user.country" value="RU"/>
    <property name="sun.boot.library.path" value="/opt/jdk-19/lib"/>
    <property name="sun.java.command" value="/home/iv4n/Документы/githubProjects/Pet/telegram-demo-bot/target/surefire/surefirebooter-20240417131805892_3.jar /home/iv4n/Документы/githubProjects/Pet/telegram-demo-bot/target/surefire 2024-04-17T13-18-05_803-jvmRun1 surefire-20240417131805892_1tmp surefire_0-20240417131805892_2tmp"/>
    <property name="jdk.debug" value="release"/>
    <property name="surefire.test.class.path" value="/home/iv4n/Документы/githubProjects/Pet/telegram-demo-bot/target/test-classes:/home/iv4n/Документы/githubProjects/Pet/telegram-demo-bot/target/classes:/home/iv4n/.m2/repository/org/springframework/boot/spring-boot-starter/3.2.4/spring-boot-starter-3.2.4.jar:/home/iv4n/.m2/repository/org/springframework/boot/spring-boot/3.2.4/spring-boot-3.2.4.jar:/home/iv4n/.m2/repository/org/springframework/spring-context/6.1.5/spring-context-6.1.5.jar:/home/iv4n/.m2/repository/org/springframework/spring-aop/6.1.5/spring-aop-6.1.5.jar:/home/iv4n/.m2/repository/org/springframework/spring-beans/6.1.5/spring-beans-6.1.5.jar:/home/iv4n/.m2/repository/org/springframework/spring-expression/6.1.5/spring-expression-6.1.5.jar:/home/iv4n/.m2/repository/io/micrometer/micrometer-observation/1.12.4/micrometer-observation-1.12.4.jar:/home/iv4n/.m2/repository/io/micrometer/micrometer-commons/1.12.4/micrometer-commons-1.12.4.jar:/home/iv4n/.m2/repository/org/springframework/boot/spring-boot-autoconfigure/3.2.4/spring-boot-autoconfigure-3.2.4.jar:/home/iv4n/.m2/repository/org/springframework/boot/spring-boot-starter-logging/3.2.4/spring-boot-starter-logging-3.2.4.jar:/home/iv4n/.m2/repository/ch/qos/logback/logback-classic/1.4.14/logback-classic-1.4.14.jar:/home/iv4n/.m2/repository/ch/qos/logback/logback-core/1.4.14/logback-core-1.4.14.jar:/home/iv4n/.m2/repository/org/apache/logging/log4j/log4j-to-slf4j/2.21.1/log4j-to-slf4j-2.21.1.jar:/home/iv4n/.m2/repository/org/apache/logging/log4j/log4j-api/2.21.1/log4j-api-2.21.1.jar:/home/iv4n/.m2/repository/org/slf4j/jul-to-slf4j/2.0.12/jul-to-slf4j-2.0.12.jar:/home/iv4n/.m2/repository/jakarta/annotation/jakarta.annotation-api/2.1.1/jakarta.annotation-api-2.1.1.jar:/home/iv4n/.m2/repository/org/springframework/spring-core/6.1.5/spring-core-6.1.5.jar:/home/iv4n/.m2/repository/org/springframework/spring-jcl/6.1.5/spring-jcl-6.1.5.jar:/home/iv4n/.m2/repository/org/yaml/snakeyaml/2.2/snakeyaml-2.2.jar:/home/iv4n/.m2/repository/org/telegram/telegrambots/5.6.0/telegrambots-5.6.0.jar:/home/iv4n/.m2/repository/org/telegram/telegrambots-meta/5.6.0/telegrambots-meta-5.6.0.jar:/home/iv4n/.m2/repository/com/google/guava/guava/30.0-jre/guava-30.0-jre.jar:/home/iv4n/.m2/repository/com/google/guava/failureaccess/1.0.1/failureaccess-1.0.1.jar:/home/iv4n/.m2/repository/com/google/guava/listenablefuture/9999.0-empty-to-avoid-conflict-with-guava/listenablefuture-9999.0-empty-to-avoid-conflict-with-guava.jar:/home/iv4n/.m2/repository/com/google/code/findbugs/jsr305/3.0.2/jsr305-3.0.2.jar:/home/iv4n/.m2/repository/org/checkerframework/checker-qual/3.5.0/checker-qual-3.5.0.jar:/home/iv4n/.m2/repository/com/google/errorprone/error_prone_annotations/2.3.4/error_prone_annotations-2.3.4.jar:/home/iv4n/.m2/repository/com/google/j2objc/j2objc-annotations/1.3/j2objc-annotations-1.3.jar:/home/iv4n/.m2/repository/com/fasterxml/jackson/core/jackson-annotations/2.15.4/jackson-annotations-2.15.4.jar:/home/iv4n/.m2/repository/com/fasterxml/jackson/jaxrs/jackson-jaxrs-json-provider/2.15.4/jackson-jaxrs-json-provider-2.15.4.jar:/home/iv4n/.m2/repository/com/fasterxml/jackson/jaxrs/jackson-jaxrs-base/2.15.4/jackson-jaxrs-base-2.15.4.jar:/home/iv4n/.m2/repository/com/fasterxml/jackson/module/jackson-module-jaxb-annotations/2.15.4/jackson-module-jaxb-annotations-2.15.4.jar:/home/iv4n/.m2/repository/com/fasterxml/jackson/core/jackson-core/2.15.4/jackson-core-2.15.4.jar:/home/iv4n/.m2/repository/jakarta/activation/jakarta.activation-api/2.1.3/jakarta.activation-api-2.1.3.jar:/home/iv4n/.m2/repository/com/fasterxml/jackson/core/jackson-databind/2.15.4/jackson-databind-2.15.4.jar:/home/iv4n/.m2/repository/org/glassfish/jersey/inject/jersey-hk2/3.1.5/jersey-hk2-3.1.5.jar:/home/iv4n/.m2/repository/org/glassfish/jersey/core/jersey-common/3.1.5/jersey-common-3.1.5.jar:/home/iv4n/.m2/repository/org/glassfish/hk2/osgi-resource-locator/1.0.3/osgi-resource-locator-1.0.3.jar:/home/iv4n/.m2/repository/org/glassfish/hk2/hk2-locator/3.0.5/hk2-locator-3.0.5.jar:/home/iv4n/.m2/repository/org/glassfish/hk2/external/aopalliance-repackaged/3.0.5/aopalliance-repackaged-3.0.5.jar:/home/iv4n/.m2/repository/org/glassfish/hk2/hk2-api/3.0.5/hk2-api-3.0.5.jar:/home/iv4n/.m2/repository/org/glassfish/hk2/hk2-utils/3.0.5/hk2-utils-3.0.5.jar:/home/iv4n/.m2/repository/org/javassist/javassist/3.29.2-GA/javassist-3.29.2-GA.jar:/home/iv4n/.m2/repository/org/glassfish/jersey/media/jersey-media-json-jackson/3.1.5/jersey-media-json-jackson-3.1.5.jar:/home/iv4n/.m2/repository/org/glassfish/jersey/ext/jersey-entity-filtering/3.1.5/jersey-entity-filtering-3.1.5.jar:/home/iv4n/.m2/repository/com/fasterxml/jackson/module/jackson-module-jakarta-xmlbind-annotations/2.15.4/jackson-module-jakarta-xmlbind-annotations-2.15.4.jar:/home/iv4n/.m2/repository/org/glassfish/jersey/containers/jersey-container-grizzly2-http/3.1.5/jersey-container-grizzly2-http-3.1.5.jar:/home/iv4n/.m2/repository/jakarta/inject/jakarta.inject-api/2.0.1/jakarta.inject-api-2.0.1.jar:/home/iv4n/.m2/repository/org/glassfish/grizzly/grizzly-http-server/4.0.1/grizzly-http-server-4.0.1.jar:/home/iv4n/.m2/repository/org/glassfish/grizzly/grizzly-http/4.0.1/grizzly-http-4.0.1.jar:/home/iv4n/.m2/repository/org/glassfish/grizzly/grizzly-framework/4.0.1/grizzly-framework-4.0.1.jar:/home/iv4n/.m2/repository/jakarta/ws/rs/jakarta.ws.rs-api/3.1.0/jakarta.ws.rs-api-3.1.0.jar:/home/iv4n/.m2/repository/org/glassfish/jersey/core/jersey-server/3.1.5/jersey-server-3.1.5.jar:/home/iv4n/.m2/repository/org/glassfish/jersey/core/jersey-client/3.1.5/jersey-client-3.1.5.jar:/home/iv4n/.m2/repository/jakarta/validation/jakarta.validation-api/3.0.2/jakarta.validation-api-3.0.2.jar:/home/iv4n/.m2/repository/org/json/json/20180813/json-20180813.jar:/home/iv4n/.m2/repository/org/apache/httpcomponents/httpclient/4.5.13/httpclient-4.5.13.jar:/home/iv4n/.m2/repository/org/apache/httpcomponents/httpcore/4.4.16/httpcore-4.4.16.jar:/home/iv4n/.m2/repository/commons-logging/commons-logging/1.2/commons-logging-1.2.jar:/home/iv4n/.m2/repository/commons-codec/commons-codec/1.16.1/commons-codec-1.16.1.jar:/home/iv4n/.m2/repository/org/apache/httpcomponents/httpmime/4.5.13/httpmime-4.5.13.jar:/home/iv4n/.m2/repository/commons-io/commons-io/2.8.0/commons-io-2.8.0.jar:/home/iv4n/.m2/repository/org/slf4j/slf4j-api/2.0.12/slf4j-api-2.0.12.jar:/home/iv4n/.m2/repository/org/springframework/boot/spring-boot-starter-test/3.2.4/spring-boot-starter-test-3.2.4.jar:/home/iv4n/.m2/repository/org/springframework/boot/spring-boot-test/3.2.4/spring-boot-test-3.2.4.jar:/home/iv4n/.m2/repository/org/springframework/boot/spring-boot-test-autoconfigure/3.2.4/spring-boot-test-autoconfigure-3.2.4.jar:/home/iv4n/.m2/repository/com/jayway/jsonpath/json-path/2.9.0/json-path-2.9.0.jar:/home/iv4n/.m2/repository/jakarta/xml/bind/jakarta.xml.bind-api/4.0.2/jakarta.xml.bind-api-4.0.2.jar:/home/iv4n/.m2/repository/net/minidev/json-smart/2.5.0/json-smart-2.5.0.jar:/home/iv4n/.m2/repository/net/minidev/accessors-smart/2.5.0/accessors-smart-2.5.0.jar:/home/iv4n/.m2/repository/org/ow2/asm/asm/9.3/asm-9.3.jar:/home/iv4n/.m2/repository/org/assertj/assertj-core/3.24.2/assertj-core-3.24.2.jar:/home/iv4n/.m2/repository/net/bytebuddy/byte-buddy/1.14.12/byte-buddy-1.14.12.jar:/home/iv4n/.m2/repository/org/awaitility/awaitility/4.2.0/awaitility-4.2.0.jar:/home/iv4n/.m2/repository/org/hamcrest/hamcrest/2.2/hamcrest-2.2.jar:/home/iv4n/.m2/repository/org/junit/jupiter/junit-jupiter/5.10.2/junit-jupiter-5.10.2.jar:/home/iv4n/.m2/repository/org/junit/jupiter/junit-jupiter-api/5.10.2/junit-jupiter-api-5.10.2.jar:/home/iv4n/.m2/repository/org/opentest4j/opentest4j/1.3.0/opentest4j-1.3.0.jar:/home/iv4n/.m2/repository/org/junit/platform/junit-platform-commons/1.10.2/junit-platform-commons-1.10.2.jar:/home/iv4n/.m2/repository/org/apiguardian/apiguardian-api/1.1.2/apiguardian-api-1.1.2.jar:/home/iv4n/.m2/repository/org/junit/jupiter/junit-jupiter-params/5.10.2/junit-jupiter-params-5.10.2.jar:/home/iv4n/.m2/repository/org/junit/jupiter/junit-jupiter-engine/5.10.2/junit-jupiter-engine-5.10.2.jar:/home/iv4n/.m2/repository/org/junit/platform/junit-platform-engine/1.10.2/junit-platform-engine-1.10.2.jar:/home/iv4n/.m2/repository/org/mockito/mockito-core/5.7.0/mockito-core-5.7.0.jar:/home/iv4n/.m2/repository/net/bytebuddy/byte-buddy-agent/1.14.12/byte-buddy-agent-1.14.12.jar:/home/iv4n/.m2/repository/org/objenesis/objenesis/3.3/objenesis-3.3.jar:/home/iv4n/.m2/repository/org/mockito/mockito-junit-jupiter/5.7.0/mockito-junit-jupiter-5.7.0.jar:/home/iv4n/.m2/repository/org/skyscreamer/jsonassert/1.5.1/jsonassert-1.5.1.jar:/home/iv4n/.m2/repository/com/vaadin/external/google/android-json/0.0.20131108.vaadin1/android-json-0.0.20131108.vaadin1.jar:/home/iv4n/.m2/repository/org/springframework/spring-test/6.1.5/spring-test-6.1.5.jar:/home/iv4n/.m2/repository/org/xmlunit/xmlunit-core/2.9.1/xmlunit-core-2.9.1.jar:/home/iv4n/.m2/repository/org/projectlombok/lombok/1.18.30/lombok-1.18.30.jar:"/>
    <property name="sun.cpu.endian" value="little"/>
    <property name="user.home" value="/home/iv4n"/>
    <property name="user.language" value="ru"/>
    <property name="java.specification.vendor" value="Oracle Corporation"/>
    <property name="java.version.date" value="2023-01-17"/>
    <property name="java.home" value="/opt/jdk-19"/>
    <property name="file.separator" value="/"/>
    <property name="basedir" value="/home/iv4n/Документы/githubProjects/Pet/telegram-demo-bot"/>
    <property name="java.vm.compressedOopsMode" value="Zero based"/>
    <property name="line.separator" value="&#10;"/>
    <property name="java.vm.specification.vendor" value="Oracle Corporation"/>
    <property name="java.specification.name" value="Java Platform API Specification"/>
    <property name="FILE_LOG_CHARSET" value="UTF-8"/>
    <property name="java.awt.headless" value="true"/>
    <property name="surefire.real.class.path" value="/home/iv4n/Документы/githubProjects/Pet/telegram-demo-bot/target/surefire/surefirebooter-20240417131805892_3.jar"/>
    <property name="sun.management.compiler" value="HotSpot 64-Bit Tiered Compilers"/>
    <property name="java.runtime.version" value="19.0.2+7-44"/>
    <property name="user.name" value="iv4n"/>
    <property name="stdout.encoding" value="UTF-8"/>
    <property name="path.separator" value=":"/>
    <property name="os.version" value="6.5.0-27-generic"/>
    <property name="java.runtime.name" value="OpenJDK Runtime Environment"/>
    <property name="file.encoding" value="UTF-8"/>
    <property name="java.vm.name" value="OpenJDK 64-Bit Server VM"/>
    <property name="localRepository" value="/home/iv4n/.m2/repository"/>
    <property name="java.vendor.url.bug" value="https://bugreport.java.com/bugreport/"/>
    <property name="java.io.tmpdir" value="/tmp"/>
    <property name="java.version" value="19.0.2"/>
    <property name="user.dir" value="/home/iv4n/Документы/githubProjects/Pet/telegram-demo-bot"/>
    <property name="os.arch" value="amd64"/>
    <property name="java.vm.specification.name" value="Java Virtual Machine Specification"/>
    <property name="PID" value="20603"/>
    <property name="CONSOLE_LOG_CHARSET" value="UTF-8"/>
    <property name="native.encoding" value="UTF-8"/>
    <property name="java.library.path" value="/usr/java/packages/lib:/usr/lib64:/lib64:/lib:/usr/lib"/>
    <property name="java.vm.info" value="mixed mode, sharing"/>
    <property name="stderr.encoding" value="UTF-8"/>
    <property name="java.vendor" value="Oracle Corporation"/>
    <property name="java.vm.version" value="19.0.2+7-44"/>
    <property name="sun.io.unicode.encoding" value="UnicodeLittle"/>
    <property name="java.class.version" value="63.0"/>
  </properties>
  <testcase name="contextLoads" classname="io.proj3ct.bot.BotApplicationTests" time="0.689">
    <system-out><![CDATA[
  .   ____          _            __ _ _
 /\\ / ___'_ __ _ _(_)_ __  __ _ \ \ \ \
( ( )\___ | '_ | '_| | '_ \/ _` | \ \ \ \
 \\/  ___)| |_)| | | | | || (_| |  ) ) ) )
  '  |____| .__|_| |_|_| |_\__, | / / / /
 =========|_|==============|___/=/_/_/_/
 :: Spring Boot ::                (v3.2.4)

]]></system-out>
  </testcase>
</testsuite>